[2018-11-17 14:02:15] production.ERROR: The C:\xampp\htdocs\Laravel-ECommerce-Iyzico-master\bootstrap/cache directory must be present and writable. {"exception":"[object] (Exception(code: 0): The C:\\xampp\\htdocs\\Laravel-ECommerce-Iyzico-master\\bootstrap/cache directory must be present and writable. at C:\\xampp\\htdocs\\Laravel-ECommerce-Iyzico-master\\vendor\\laravel\\framework\\src\\Illuminate\\Foundation\\PackageManifest.php:165)
[stacktrace]
#0 C:\\xampp\\htdocs\\Laravel-ECommerce-Iyzico-master\\vendor\\laravel\\framework\\src\\Illuminate\\Foundation\\PackageManifest.php(125): Illuminate\\Foundation\\PackageManifest->write(Array)
#1 C:\\xampp\\htdocs\\Laravel-ECommerce-Iyzico-master\\vendor\\laravel\\framework\\src\\Illuminate\\Foundation\\PackageManifest.php(97): Illuminate\\Foundation\\PackageManifest->build()
#2 C:\\xampp\\htdocs\\Laravel-ECommerce-Iyzico-master\\vendor\\laravel\\framework\\src\\Illuminate\\Foundation\\PackageManifest.php(80): Illuminate\\Foundation\\PackageManifest->getManifest()
#3 C:\\xampp\\htdocs\\Laravel-ECommerce-Iyzico-master\\vendor\\laravel\\framework\\src\\Illuminate\\Foundation\\Bootstrap\\RegisterFacades.php(26): Illuminate\\Foundation\\PackageManifest->aliases()
#4 C:\\xampp\\htdocs\\Laravel-ECommerce-Iyzico-master\\vendor\\laravel\\framework\\src\\Illuminate\\Foundation\\Application.php(206): Illuminate\\Foundation\\Bootstrap\\RegisterFacades->bootstrap(Object(Illuminate\\Foundation\\Application))
#5 C:\\xampp\\htdocs\\Laravel-ECommerce-Iyzico-master\\vendor\\laravel\\framework\\src\\Illuminate\\Foundation\\Console\\Kernel.php(297): Illuminate\\Foundation\\Application->bootstrapWith(Array)
#6 C:\\xampp\\htdocs\\Laravel-ECommerce-Iyzico-master\\vendor\\laravel\\framework\\src\\Illuminate\\Foundation\\Console\\Kernel.php(120): Illuminate\\Foundation\\Console\\Kernel->bootstrap()
#7 C:\\xampp\\htdocs\\Laravel-ECommerce-Iyzico-master\\artisan(37): Illuminate\\Foundation\\Console\\Kernel->handle(Object(Symfony\\Component\\Console\\Input\\ArgvInput), Object(Symfony\\Component\\Console\\Output\\ConsoleOutput))
#8 {main}
"} 
[2018-11-17 14:04:30] local.ERROR: The C:\xampp\htdocs\Laravel-ECommerce-Iyzico-master\bootstrap/cache directory must be present and writable. {"exception":"[object] (Exception(code: 0): The C:\\xampp\\htdocs\\Laravel-ECommerce-Iyzico-master\\bootstrap/cache directory must be present and writable. at C:\\xampp\\htdocs\\Laravel-ECommerce-Iyzico-master\\vendor\\laravel\\framework\\src\\Illuminate\\Foundation\\PackageManifest.php:165)
[stacktrace]
#0 C:\\xampp\\htdocs\\Laravel-ECommerce-Iyzico-master\\vendor\\laravel\\framework\\src\\Illuminate\\Foundation\\PackageManifest.php(125): Illuminate\\Foundation\\PackageManifest->write(Array)
#1 C:\\xampp\\htdocs\\Laravel-ECommerce-Iyzico-master\\vendor\\laravel\\framework\\src\\Illuminate\\Foundation\\PackageManifest.php(97): Illuminate\\Foundation\\PackageManifest->build()
#2 C:\\xampp\\htdocs\\Laravel-ECommerce-Iyzico-master\\vendor\\laravel\\framework\\src\\Illuminate\\Foundation\\PackageManifest.php(80): Illuminate\\Foundation\\PackageManifest->getManifest()
#3 C:\\xampp\\htdocs\\Laravel-ECommerce-Iyzico-master\\vendor\\laravel\\framework\\src\\Illuminate\\Foundation\\Bootstrap\\RegisterFacades.php(26): Illuminate\\Foundation\\PackageManifest->aliases()
#4 C:\\xampp\\htdocs\\Laravel-ECommerce-Iyzico-master\\vendor\\laravel\\framework\\src\\Illuminate\\Foundation\\Application.php(206): Illuminate\\Foundation\\Bootstrap\\RegisterFacades->bootstrap(Object(Illuminate\\Foundation\\Application))
#5 C:\\xampp\\htdocs\\Laravel-ECommerce-Iyzico-master\\vendor\\laravel\\framework\\src\\Illuminate\\Foundation\\Console\\Kernel.php(297): Illuminate\\Foundation\\Application->bootstrapWith(Array)
#6 C:\\xampp\\htdocs\\Laravel-ECommerce-Iyzico-master\\vendor\\laravel\\framework\\src\\Illuminate\\Foundation\\Console\\Kernel.php(120): Illuminate\\Foundation\\Console\\Kernel->bootstrap()
#7 C:\\xampp\\htdocs\\Laravel-ECommerce-Iyzico-master\\artisan(37): Illuminate\\Foundation\\Console\\Kernel->handle(Object(Symfony\\Component\\Console\\Input\\ArgvInput), Object(Symfony\\Component\\Console\\Output\\ConsoleOutput))
#8 {main}
"} 
